{"/Users/gergely.santa/Dev/gamedis-client/msw_mock_api/mocks/handlers.ts": {"path":"/Users/gergely.santa/Dev/gamedis-client/msw_mock_api/mocks/handlers.ts","statementMap":{"0":{"start":{"line":1,"column":0},"end":{"line":1,"column":27}},"1":{"start":{"line":2,"column":0},"end":{"line":2,"column":48}},"2":{"start":{"line":4,"column":13},"end":{"line":18,"column":2}},"3":{"start":{"line":5,"column":67},"end":{"line":12,"column":4}},"4":{"start":{"line":6,"column":27},"end":{"line":6,"column":37}},"5":{"start":{"line":7,"column":4},"end":{"line":7,"column":52}},"6":{"start":{"line":9,"column":19},"end":{"line":9,"column":73}},"7":{"start":{"line":9,"column":51},"end":{"line":9,"column":72}},"8":{"start":{"line":11,"column":4},"end":{"line":11,"column":33}},"9":{"start":{"line":13,"column":60},"end":{"line":17,"column":4}},"10":{"start":{"line":14,"column":20},"end":{"line":14,"column":39}},"11":{"start":{"line":16,"column":4},"end":{"line":16,"column":34}}},"fnMap":{"0":{"name":"(anonymous_8)","decl":{"start":{"line":5,"column":43},"end":{"line":5,"column":50}},"loc":{"start":{"line":5,"column":67},"end":{"line":12,"column":4}}},"1":{"name":"(anonymous_9)","decl":{"start":{"line":5,"column":67},"end":{"line":5,"column":null}},"loc":{"start":{"line":5,"column":67},"end":{"line":12,"column":3}}},"2":{"name":"(anonymous_10)","decl":{"start":{"line":9,"column":44},"end":{"line":9,"column":45}},"loc":{"start":{"line":9,"column":51},"end":{"line":9,"column":72}}},"3":{"name":"(anonymous_11)","decl":{"start":{"line":13,"column":35},"end":{"line":13,"column":42}},"loc":{"start":{"line":13,"column":60},"end":{"line":17,"column":4}}},"4":{"name":"(anonymous_12)","decl":{"start":{"line":13,"column":60},"end":{"line":13,"column":null}},"loc":{"start":{"line":13,"column":60},"end":{"line":17,"column":3}}}},"branchMap":{},"s":{"0":2,"1":2,"2":2,"3":0,"4":0,"5":0,"6":0,"7":0,"8":0,"9":1,"10":1,"11":1},"f":{"0":0,"1":0,"2":0,"3":1,"4":1},"b":{}}
,"/Users/gergely.santa/Dev/gamedis-client/msw_mock_api/mocks/msw-server.ts": {"path":"/Users/gergely.santa/Dev/gamedis-client/msw_mock_api/mocks/msw-server.ts","statementMap":{"0":{"start":{"line":1,"column":0},"end":{"line":1,"column":39}},"1":{"start":{"line":2,"column":0},"end":{"line":2,"column":38}},"2":{"start":{"line":4,"column":13},"end":{"line":4,"column":50}}},"fnMap":{},"branchMap":{},"s":{"0":2,"1":2,"2":2},"f":{},"b":{}}
,"/Users/gergely.santa/Dev/gamedis-client/src/engine/actionTypes.ts": {"path":"/Users/gergely.santa/Dev/gamedis-client/src/engine/actionTypes.ts","statementMap":{"0":{"start":{"line":1,"column":0},"end":{"line":1,"column":null}},"1":{"start":{"line":2,"column":2},"end":{"line":2,"column":null}},"2":{"start":{"line":5,"column":0},"end":{"line":5,"column":27}}},"fnMap":{"0":{"name":"(anonymous_0)","decl":{"start":{"line":1,"column":0},"end":{"line":1,"column":5}},"loc":{"start":{"line":1,"column":16},"end":{"line":3,"column":1}}}},"branchMap":{"0":{"loc":{"start":{"line":1,"column":5},"end":{"line":1,"column":null}},"type":"binary-expr","locations":[{"start":{"line":1,"column":5},"end":{"line":1,"column":16}},{"start":{"line":1,"column":5},"end":{"line":1,"column":null}}]}},"s":{"0":1,"1":1,"2":1},"f":{"0":1},"b":{"0":[1,1]}}
,"/Users/gergely.santa/Dev/gamedis-client/src/engine/engineReducer.ts": {"path":"/Users/gergely.santa/Dev/gamedis-client/src/engine/engineReducer.ts","statementMap":{"0":{"start":{"line":1,"column":0},"end":{"line":1,"column":40}},"1":{"start":{"line":7,"column":41},"end":{"line":9,"column":2}},"2":{"start":{"line":11,"column":16},"end":{"line":18,"column":1}},"3":{"start":{"line":12,"column":2},"end":{"line":17,"column":null}},"4":{"start":{"line":14,"column":6},"end":{"line":14,"column":42}},"5":{"start":{"line":16,"column":6},"end":{"line":16,"column":26}},"6":{"start":{"line":20,"column":0},"end":{"line":20,"column":23}}},"fnMap":{"0":{"name":"(anonymous_1)","decl":{"start":{"line":11,"column":16},"end":{"line":11,"column":17}},"loc":{"start":{"line":11,"column":86},"end":{"line":18,"column":1}}}},"branchMap":{"0":{"loc":{"start":{"line":11,"column":17},"end":{"line":11,"column":37}},"type":"default-arg","locations":[{"start":{"line":11,"column":25},"end":{"line":11,"column":37}}]},"1":{"loc":{"start":{"line":11,"column":39},"end":{"line":11,"column":62}},"type":"default-arg","locations":[{"start":{"line":11,"column":53},"end":{"line":11,"column":62}}]},"2":{"loc":{"start":{"line":12,"column":2},"end":{"line":17,"column":null}},"type":"switch","locations":[{"start":{"line":13,"column":4},"end":{"line":14,"column":42}},{"start":{"line":15,"column":4},"end":{"line":16,"column":26}}]}},"s":{"0":1,"1":1,"2":1,"3":7,"4":0,"5":7,"6":1},"f":{"0":7},"b":{"0":[3],"1":[0],"2":[0,7]}}
,"/Users/gergely.santa/Dev/gamedis-client/src/features/login/loginReducer.ts": {"path":"/Users/gergely.santa/Dev/gamedis-client/src/features/login/loginReducer.ts","statementMap":{"0":{"start":{"line":1,"column":0},"end":{"line":1,"column":63}},"1":{"start":{"line":7,"column":40},"end":{"line":9,"column":2}},"2":{"start":{"line":11,"column":13},"end":{"line":11,"column":79}},"3":{"start":{"line":13,"column":21},"end":{"line":17,"column":2}},"4":{"start":{"line":14,"column":2},"end":{"line":16,"column":5}},"5":{"start":{"line":15,"column":4},"end":{"line":15,"column":40}},"6":{"start":{"line":19,"column":0},"end":{"line":19,"column":28}}},"fnMap":{"0":{"name":"(anonymous_0)","decl":{"start":{"line":13,"column":49},"end":{"line":13,"column":50}},"loc":{"start":{"line":13,"column":61},"end":{"line":17,"column":1}}},"1":{"name":"(anonymous_1)","decl":{"start":{"line":14,"column":41},"end":{"line":14,"column":42}},"loc":{"start":{"line":14,"column":59},"end":{"line":16,"column":3}}}},"branchMap":{},"s":{"0":1,"1":1,"2":1,"3":1,"4":1,"5":0,"6":1},"f":{"0":1,"1":0},"b":{}}
,"/Users/gergely.santa/Dev/gamedis-client/src/features/notification/notificationReducer.ts": {"path":"/Users/gergely.santa/Dev/gamedis-client/src/features/notification/notificationReducer.ts","statementMap":{"0":{"start":{"line":1,"column":0},"end":{"line":1,"column":63}},"1":{"start":{"line":7,"column":47},"end":{"line":9,"column":2}},"2":{"start":{"line":11,"column":13},"end":{"line":11,"column":78}},"3":{"start":{"line":13,"column":28},"end":{"line":17,"column":2}},"4":{"start":{"line":14,"column":2},"end":{"line":16,"column":5}},"5":{"start":{"line":15,"column":4},"end":{"line":15,"column":45}},"6":{"start":{"line":19,"column":0},"end":{"line":19,"column":35}}},"fnMap":{"0":{"name":"(anonymous_0)","decl":{"start":{"line":13,"column":56},"end":{"line":13,"column":57}},"loc":{"start":{"line":13,"column":68},"end":{"line":17,"column":1}}},"1":{"name":"(anonymous_1)","decl":{"start":{"line":14,"column":41},"end":{"line":14,"column":42}},"loc":{"start":{"line":14,"column":59},"end":{"line":16,"column":3}}}},"branchMap":{},"s":{"0":1,"1":1,"2":1,"3":1,"4":1,"5":0,"6":1},"f":{"0":1,"1":0},"b":{}}
,"/Users/gergely.santa/Dev/gamedis-client/src/features/sprite/components/SpriteSearch.tsx": {"path":"/Users/gergely.santa/Dev/gamedis-client/src/features/sprite/components/SpriteSearch.tsx","statementMap":{"0":{"start":{"line":1,"column":0},"end":{"line":1,"column":26}},"1":{"start":{"line":2,"column":0},"end":{"line":2,"column":42}},"2":{"start":{"line":3,"column":0},"end":{"line":3,"column":68}},"3":{"start":{"line":4,"column":0},"end":{"line":4,"column":79}},"4":{"start":{"line":6,"column":21},"end":{"line":32,"column":1}},"5":{"start":{"line":7,"column":37},"end":{"line":7,"column":60}},"6":{"start":{"line":9,"column":19},"end":{"line":9,"column":32}},"7":{"start":{"line":11,"column":35},"end":{"line":11,"column":55}},"8":{"start":{"line":13,"column":2},"end":{"line":15,"column":null}},"9":{"start":{"line":14,"column":4},"end":{"line":14,"column":87}},"10":{"start":{"line":20,"column":2},"end":{"line":28,"column":null}},"11":{"start":{"line":21,"column":4},"end":{"line":27,"column":6}},"12":{"start":{"line":24,"column":10},"end":{"line":24,"column":70}},"13":{"start":{"line":30,"column":2},"end":{"line":30,"column":38}},"14":{"start":{"line":31,"column":2},"end":{"line":31,"column":29}},"15":{"start":{"line":34,"column":0},"end":{"line":34,"column":28}}},"fnMap":{"0":{"name":"(anonymous_1)","decl":{"start":{"line":6,"column":21},"end":{"line":6,"column":24}},"loc":{"start":{"line":6,"column":26},"end":{"line":32,"column":1}}},"1":{"name":"(anonymous_2)","decl":{"start":{"line":23,"column":18},"end":{"line":23,"column":19}},"loc":{"start":{"line":24,"column":10},"end":{"line":24,"column":70}}}},"branchMap":{"0":{"loc":{"start":{"line":13,"column":2},"end":{"line":15,"column":null}},"type":"if","locations":[{"start":{"line":13,"column":2},"end":{"line":15,"column":null}}]},"1":{"loc":{"start":{"line":20,"column":2},"end":{"line":28,"column":null}},"type":"if","locations":[{"start":{"line":20,"column":2},"end":{"line":28,"column":null}}]}},"s":{"0":1,"1":1,"2":1,"3":1,"4":1,"5":4,"6":3,"7":3,"8":3,"9":0,"10":3,"11":1,"12":1,"13":3,"14":3,"15":1},"f":{"0":4,"1":1},"b":{"0":[0],"1":[1]}}
,"/Users/gergely.santa/Dev/gamedis-client/src/reducers/spriteReducer.ts": {"path":"/Users/gergely.santa/Dev/gamedis-client/src/reducers/spriteReducer.ts","statementMap":{"0":{"start":{"line":7,"column":41},"end":{"line":9,"column":2}},"1":{"start":{"line":11,"column":22},"end":{"line":16,"column":1}},"2":{"start":{"line":12,"column":2},"end":{"line":15,"column":null}},"3":{"start":{"line":14,"column":6},"end":{"line":14,"column":40}},"4":{"start":{"line":18,"column":0},"end":{"line":18,"column":29}}},"fnMap":{"0":{"name":"(anonymous_0)","decl":{"start":{"line":11,"column":22},"end":{"line":11,"column":23}},"loc":{"start":{"line":11,"column":92},"end":{"line":16,"column":1}}}},"branchMap":{"0":{"loc":{"start":{"line":11,"column":23},"end":{"line":11,"column":43}},"type":"default-arg","locations":[{"start":{"line":11,"column":31},"end":{"line":11,"column":43}}]},"1":{"loc":{"start":{"line":11,"column":45},"end":{"line":11,"column":68}},"type":"default-arg","locations":[{"start":{"line":11,"column":59},"end":{"line":11,"column":68}}]},"2":{"loc":{"start":{"line":12,"column":2},"end":{"line":15,"column":null}},"type":"switch","locations":[{"start":{"line":13,"column":4},"end":{"line":14,"column":40}}]}},"s":{"0":1,"1":1,"2":7,"3":7,"4":1},"f":{"0":7},"b":{"0":[3],"1":[0],"2":[7]}}
,"/Users/gergely.santa/Dev/gamedis-client/src/services/spriteApi.ts": {"path":"/Users/gergely.santa/Dev/gamedis-client/src/services/spriteApi.ts","statementMap":{"0":{"start":{"line":1,"column":0},"end":{"line":1,"column":70}},"1":{"start":{"line":4,"column":0},"end":{"line":4,"column":77}},"2":{"start":{"line":13,"column":2},"end":{"line":24,"column":4}},"3":{"start":{"line":14,"column":2},"end":{"line":24,"column":4}},"4":{"start":{"line":14,"column":39},"end":{"line":24,"column":4}},"5":{"start":{"line":15,"column":4},"end":{"line":23,"column":null}},"6":{"start":{"line":16,"column":21},"end":{"line":16,"column":70}},"7":{"start":{"line":17,"column":6},"end":{"line":17,"column":35}},"8":{"start":{"line":19,"column":18},"end":{"line":19,"column":42}},"9":{"start":{"line":20,"column":6},"end":{"line":22,"column":8}},"10":{"start":{"line":26,"column":13},"end":{"line":37,"column":3}},"11":{"start":{"line":29,"column":27},"end":{"line":36,"column":4}},"12":{"start":{"line":31,"column":24},"end":{"line":31,"column":69}},"13":{"start":{"line":34,"column":20},"end":{"line":34,"column":66}},"14":{"start":{"line":39,"column":15},"end":{"line":39,"column":76}}},"fnMap":{"0":{"name":"(anonymous_8)","decl":{"start":{"line":13,"column":2},"end":{"line":13,"column":3}},"loc":{"start":{"line":14,"column":2},"end":{"line":24,"column":4}}},"1":{"name":"(anonymous_9)","decl":{"start":{"line":14,"column":2},"end":{"line":14,"column":9}},"loc":{"start":{"line":14,"column":39},"end":{"line":24,"column":4}}},"2":{"name":"(anonymous_10)","decl":{"start":{"line":14,"column":39},"end":{"line":14,"column":null}},"loc":{"start":{"line":14,"column":39},"end":{"line":24,"column":3}}},"3":{"name":"(anonymous_11)","decl":{"start":{"line":29,"column":13},"end":{"line":29,"column":14}},"loc":{"start":{"line":29,"column":27},"end":{"line":36,"column":4}}},"4":{"name":"(anonymous_12)","decl":{"start":{"line":31,"column":13},"end":{"line":31,"column":14}},"loc":{"start":{"line":31,"column":24},"end":{"line":31,"column":69}}},"5":{"name":"(anonymous_13)","decl":{"start":{"line":34,"column":13},"end":{"line":34,"column":16}},"loc":{"start":{"line":34,"column":20},"end":{"line":34,"column":66}}}},"branchMap":{"0":{"loc":{"start":{"line":13,"column":3},"end":{"line":13,"column":53}},"type":"default-arg","locations":[{"start":{"line":13,"column":38},"end":{"line":13,"column":53}}]},"1":{"loc":{"start":{"line":21,"column":25},"end":{"line":21,"column":45}},"type":"cond-expr","locations":[{"start":{"line":21,"column":37},"end":{"line":21,"column":39}},{"start":{"line":21,"column":37},"end":{"line":21,"column":45}}]},"2":{"loc":{"start":{"line":21,"column":25},"end":{"line":21,"column":39}},"type":"binary-expr","locations":[{"start":{"line":21,"column":25},"end":{"line":21,"column":39}},{"start":{"line":21,"column":37},"end":{"line":21,"column":39}}]},"3":{"loc":{"start":{"line":21,"column":53},"end":{"line":21,"column":71}},"type":"cond-expr","locations":[{"start":{"line":21,"column":65},"end":{"line":21,"column":67}},{"start":{"line":21,"column":65},"end":{"line":21,"column":71}}]},"4":{"loc":{"start":{"line":21,"column":53},"end":{"line":21,"column":67}},"type":"binary-expr","locations":[{"start":{"line":21,"column":53},"end":{"line":21,"column":67}},{"start":{"line":21,"column":65},"end":{"line":21,"column":67}}]}},"s":{"0":1,"1":1,"2":1,"3":1,"4":1,"5":1,"6":1,"7":1,"8":0,"9":0,"10":1,"11":1,"12":0,"13":1,"14":1},"f":{"0":1,"1":1,"2":1,"3":1,"4":0,"5":1},"b":{"0":[0],"1":[0,0],"2":[0,0],"3":[0,0],"4":[0,0]}}
,"/Users/gergely.santa/Dev/gamedis-client/src/ui/Greetings.tsx": {"path":"/Users/gergely.santa/Dev/gamedis-client/src/ui/Greetings.tsx","statementMap":{"0":{"start":{"line":1,"column":0},"end":{"line":1,"column":26}},"1":{"start":{"line":8,"column":18},"end":{"line":19,"column":1}},"2":{"start":{"line":9,"column":2},"end":{"line":18,"column":4}},"3":{"start":{"line":13,"column":45},"end":{"line":13,"column":82}},"4":{"start":{"line":21,"column":0},"end":{"line":21,"column":25}}},"fnMap":{"0":{"name":"(anonymous_1)","decl":{"start":{"line":8,"column":18},"end":{"line":8,"column":19}},"loc":{"start":{"line":8,"column":60},"end":{"line":19,"column":1}}},"1":{"name":"(anonymous_2)","decl":{"start":{"line":13,"column":39},"end":{"line":13,"column":42}},"loc":{"start":{"line":13,"column":45},"end":{"line":13,"column":82}}}},"branchMap":{"0":{"loc":{"start":{"line":12,"column":7},"end":{"line":15,"column":null}},"type":"binary-expr","locations":[{"start":{"line":12,"column":7},"end":{"line":12,"column":20}},{"start":{"line":13,"column":8},"end":{"line":13,"column":null}}]}},"s":{"0":1,"1":1,"2":1,"3":0,"4":1},"f":{"0":1,"1":0},"b":{"0":[1,0]}}
,"/Users/gergely.santa/Dev/gamedis-client/src/ui/store.ts": {"path":"/Users/gergely.santa/Dev/gamedis-client/src/ui/store.ts","statementMap":{"0":{"start":{"line":1,"column":0},"end":{"line":1,"column":50}},"1":{"start":{"line":2,"column":0},"end":{"line":2,"column":78}},"2":{"start":{"line":3,"column":0},"end":{"line":3,"column":56}},"3":{"start":{"line":4,"column":0},"end":{"line":4,"column":50}},"4":{"start":{"line":5,"column":0},"end":{"line":5,"column":76}},"5":{"start":{"line":6,"column":0},"end":{"line":6,"column":79}},"6":{"start":{"line":7,"column":0},"end":{"line":7,"column":58}},"7":{"start":{"line":14,"column":14},"end":{"line":23,"column":2}},"8":{"start":{"line":22,"column":40},"end":{"line":22,"column":91}},"9":{"start":{"line":25,"column":0},"end":{"line":25,"column":31}},"10":{"start":{"line":29,"column":0},"end":{"line":29,"column":21}}},"fnMap":{"0":{"name":"(anonymous_1)","decl":{"start":{"line":22,"column":14},"end":{"line":22,"column":15}},"loc":{"start":{"line":22,"column":40},"end":{"line":22,"column":91}}}},"branchMap":{},"s":{"0":1,"1":1,"2":1,"3":1,"4":1,"5":1,"6":1,"7":1,"8":1,"9":1,"10":1},"f":{"0":1},"b":{}}
}
