TN:
SF:msw_mock_api/mocks/handlers.ts
FN:5,(anonymous_8)
FN:5,(anonymous_9)
FN:9,(anonymous_10)
FN:13,(anonymous_11)
FN:13,(anonymous_12)
FNF:5
FNH:2
FNDA:0,(anonymous_8)
FNDA:0,(anonymous_9)
FNDA:0,(anonymous_10)
FNDA:1,(anonymous_11)
FNDA:1,(anonymous_12)
DA:1,2
DA:2,2
DA:4,2
DA:5,0
DA:6,0
DA:7,0
DA:9,0
DA:11,0
DA:13,1
DA:14,1
DA:16,1
LF:11
LH:6
BRF:0
BRH:0
end_of_record
TN:
SF:msw_mock_api/mocks/msw-server.ts
FNF:0
FNH:0
DA:1,2
DA:2,2
DA:4,2
LF:3
LH:3
BRF:0
BRH:0
end_of_record
TN:
SF:src/engine/actionTypes.ts
FN:1,(anonymous_0)
FNF:1
FNH:1
FNDA:1,(anonymous_0)
DA:1,1
DA:2,1
DA:5,1
LF:3
LH:3
BRDA:1,0,0,1
BRDA:1,0,1,1
BRF:2
BRH:2
end_of_record
TN:
SF:src/engine/engineReducer.ts
FN:11,(anonymous_1)
FNF:1
FNH:1
FNDA:7,(anonymous_1)
DA:1,1
DA:7,1
DA:11,1
DA:12,7
DA:14,0
DA:16,7
DA:20,1
LF:7
LH:6
BRDA:11,0,0,3
BRDA:11,1,0,0
BRDA:12,2,0,0
BRDA:12,2,1,7
BRF:4
BRH:2
end_of_record
TN:
SF:src/features/login/loginReducer.ts
FN:13,(anonymous_0)
FN:14,(anonymous_1)
FNF:2
FNH:1
FNDA:1,(anonymous_0)
FNDA:0,(anonymous_1)
DA:1,1
DA:7,1
DA:11,1
DA:13,1
DA:14,1
DA:15,0
DA:19,1
LF:7
LH:6
BRF:0
BRH:0
end_of_record
TN:
SF:src/features/notification/notificationReducer.ts
FN:13,(anonymous_0)
FN:14,(anonymous_1)
FNF:2
FNH:1
FNDA:1,(anonymous_0)
FNDA:0,(anonymous_1)
DA:1,1
DA:7,1
DA:11,1
DA:13,1
DA:14,1
DA:15,0
DA:19,1
LF:7
LH:6
BRF:0
BRH:0
end_of_record
TN:
SF:src/features/sprite/components/SpriteSearch.tsx
FN:6,(anonymous_1)
FN:23,(anonymous_2)
FNF:2
FNH:2
FNDA:4,(anonymous_1)
FNDA:1,(anonymous_2)
DA:1,1
DA:2,1
DA:3,1
DA:4,1
DA:6,1
DA:7,4
DA:9,3
DA:11,3
DA:13,3
DA:14,0
DA:20,3
DA:21,1
DA:24,1
DA:30,3
DA:31,3
DA:34,1
LF:16
LH:15
BRDA:13,0,0,0
BRDA:20,1,0,1
BRF:2
BRH:1
end_of_record
TN:
SF:src/reducers/spriteReducer.ts
FN:11,(anonymous_0)
FNF:1
FNH:1
FNDA:7,(anonymous_0)
DA:7,1
DA:11,1
DA:12,7
DA:14,7
DA:18,1
LF:5
LH:5
BRDA:11,0,0,3
BRDA:11,1,0,0
BRDA:12,2,0,7
BRF:3
BRH:2
end_of_record
TN:
SF:src/services/spriteApi.ts
FN:13,(anonymous_8)
FN:14,(anonymous_9)
FN:14,(anonymous_10)
FN:29,(anonymous_11)
FN:31,(anonymous_12)
FN:34,(anonymous_13)
FNF:6
FNH:5
FNDA:1,(anonymous_8)
FNDA:1,(anonymous_9)
FNDA:1,(anonymous_10)
FNDA:1,(anonymous_11)
FNDA:0,(anonymous_12)
FNDA:1,(anonymous_13)
DA:1,1
DA:4,1
DA:13,1
DA:14,1
DA:15,1
DA:16,1
DA:17,1
DA:19,0
DA:20,0
DA:26,1
DA:29,1
DA:31,0
DA:34,1
DA:39,1
LF:14
LH:11
BRDA:13,0,0,0
BRDA:21,1,0,0
BRDA:21,1,1,0
BRDA:21,2,0,0
BRDA:21,2,1,0
BRDA:21,3,0,0
BRDA:21,3,1,0
BRDA:21,4,0,0
BRDA:21,4,1,0
BRF:9
BRH:0
end_of_record
TN:
SF:src/ui/Greetings.tsx
FN:8,(anonymous_1)
FN:13,(anonymous_2)
FNF:2
FNH:1
FNDA:1,(anonymous_1)
FNDA:0,(anonymous_2)
DA:1,1
DA:8,1
DA:9,1
DA:13,0
DA:21,1
LF:5
LH:4
BRDA:12,0,0,1
BRDA:12,0,1,0
BRF:2
BRH:1
end_of_record
TN:
SF:src/ui/store.ts
FN:22,(anonymous_1)
FNF:1
FNH:1
FNDA:1,(anonymous_1)
DA:1,1
DA:2,1
DA:3,1
DA:4,1
DA:5,1
DA:6,1
DA:7,1
DA:14,1
DA:22,1
DA:25,1
DA:29,1
LF:11
LH:11
BRF:0
BRH:0
end_of_record
